<?xml version="1.0" encoding="UTF-8"?>
<testng-results skipped="0" failed="0" ignored="0" total="1" passed="1">
  <reporter-output>
  </reporter-output>
  <suite name="Default suite" duration-ms="36699" started-at="2019-03-31T04:46:01Z" finished-at="2019-03-31T04:46:38Z">
    <groups>
    </groups>
    <test name="Default test" duration-ms="36699" started-at="2019-03-31T04:46:01Z" finished-at="2019-03-31T04:46:38Z">
      <class name="com.org.test.MavenProject1.WordPressAutomation">
        <test-method status="PASS" signature="beforeTest()[pri:0, instance:com.org.test.MavenProject1.WordPressAutomation@262b2c86]" name="beforeTest" is-config="true" duration-ms="36545" started-at="2019-03-31T04:46:01Z" finished-at="2019-03-31T04:46:38Z">
          <reporter-output>
          </reporter-output>
        </test-method> <!-- beforeTest -->
        <test-method status="PASS" signature="f()[pri:0, instance:com.org.test.MavenProject1.WordPressAutomation@262b2c86]" name="f" duration-ms="29" started-at="2019-03-31T04:46:38Z" finished-at="2019-03-31T04:46:38Z">
          <reporter-output>
          </reporter-output>
        </test-method> <!-- f -->
        <test-method status="PASS" signature="afterTest()[pri:0, instance:com.org.test.MavenProject1.WordPressAutomation@262b2c86]" name="afterTest" is-config="true" duration-ms="0" started-at="2019-03-31T04:46:38Z" finished-at="2019-03-31T04:46:38Z">
          <reporter-output>
          </reporter-output>
        </test-method> <!-- afterTest -->
      </class> <!-- com.org.test.MavenProject1.WordPressAutomation -->
    </test> <!-- Default test -->
  </suite> <!-- Default suite -->
</testng-results>
